We have next logging message: 2023-05-13 13:57:07,341:DEBUG-debug
We have next logging message: 2023-05-13 13:57:07,504:INFO-info
We have next logging message: 2023-05-13 13:57:07,504:WARNING-warning
We have next logging message: 2023-05-13 13:57:07,505:ERROR-error
We have next logging message: 2023-05-13 13:57:07,505:CRITICAL-critical
We have next logging message: 2023-05-14 21:29:02,857:DEBUG-debug
We have next logging message: 2023-05-14 21:29:02,878:INFO-info
We have next logging message: 2023-05-14 21:29:02,878:WARNING-warning
We have next logging message: 2023-05-14 21:29:02,878:ERROR-error
We have next logging message: 2023-05-14 21:29:02,878:CRITICAL-critical
We have next logging message: 2023-05-14 21:32:27,753:DEBUG-debug
We have next logging message: 2023-05-14 21:32:27,778:INFO-info
We have next logging message: 2023-05-14 21:32:27,779:WARNING-warning
We have next logging message: 2023-05-14 21:32:27,779:ERROR-error
We have next logging message: 2023-05-14 21:32:27,779:CRITICAL-critical
We have next logging message: 2023-05-14 21:32:27,936:INFO-Hooray! Delicious!
We have next logging message: 2023-05-14 21:32:27,939:INFO-Hooray! Delicious!
We have next logging message: 2023-05-14 21:32:27,942:INFO-Hooray! Delicious!
We have next logging message: 2023-05-14 21:32:27,943:INFO-Hooray! Delicious!
We have next logging message: 2023-05-14 21:32:27,947:INFO-Hooray! Delicious!
We have next logging message: 2023-05-14 21:32:27,949:INFO-Hooray! Delicious!
We have next logging message: 2023-05-14 21:32:27,949:INFO-Hooray! Delicious!
We have next logging message: 2023-05-14 21:32:27,949:INFO-Hooray! Delicious!
We have next logging message: 2023-05-14 21:32:27,953:INFO-I bought fuel
We have next logging message: 2023-05-14 21:32:27,953:INFO-Hooray! Delicious!
We have next logging message: 2023-05-14 21:32:27,955:INFO-Hooray! Delicious!
We have next logging message: 2023-05-14 21:32:27,955:INFO-Hooray! Delicious!
We have next logging message: 2023-05-14 21:32:27,956:INFO-Hooray! Delicious!
We have next logging message: 2023-05-14 21:32:27,959:INFO-Hooray! Delicious!
We have next logging message: 2023-05-14 21:32:27,960:INFO-Hooray! Delicious!
We have next logging message: 2023-05-14 21:32:27,960:INFO-Hooray! Delicious!
We have next logging message: 2023-05-14 21:32:27,961:INFO-Hooray! Delicious!
We have next logging message: 2023-05-14 21:32:27,982:INFO-Hooray! Delicious!
We have next logging message: 2023-05-14 21:32:27,982:INFO-I bought fuel
We have next logging message: 2023-05-14 21:32:27,983:INFO-Hooray! Delicious!
We have next logging message: 2023-05-14 21:32:27,983:INFO-Hooray! Delicious!
We have next logging message: 2023-05-14 21:32:27,988:INFO-Bought food
We have next logging message: 2023-05-14 21:42:01,200:DEBUG-debug
We have next logging message: 2023-05-14 21:42:01,201:INFO-info
We have next logging message: 2023-05-14 21:42:01,201:WARNING-warning
We have next logging message: 2023-05-14 21:42:01,201:ERROR-error
We have next logging message: 2023-05-14 21:42:01,201:CRITICAL-critical
We have next logging message: 2023-05-14 21:42:01,232:INFO-Settled in the house
We have next logging message: 2023-05-14 21:42:01,233:INFO-Hooray! Delicious!
We have next logging message: 2023-05-14 21:42:01,234:INFO-I bought fuel
We have next logging message: 2023-05-14 21:42:01,234:INFO-Hooray! Delicious!
We have next logging message: 2023-05-14 21:42:01,237:INFO-Hooray! Delicious!
We have next logging message: 2023-05-14 21:42:01,240:INFO-Hooray! Delicious!
We have next logging message: 2023-05-14 21:42:01,241:INFO-I'll go eat
We have next logging message: 2023-05-14 21:42:01,241:INFO-I bought fuel
We have next logging message: 2023-05-14 21:42:01,242:INFO-I'll go eat
We have next logging message: 2023-05-14 21:42:01,242:INFO-Bought food
We have next logging message: 2023-05-14 21:42:01,242:INFO-I'll go eat
We have next logging message: 2023-05-14 21:42:01,243:INFO-Hooray! Delicious!
We have next logging message: 2023-05-14 21:42:01,243:INFO-Hooray! Delicious!
We have next logging message: 2023-05-14 21:42:01,244:INFO-Hooray! Delicious!
We have next logging message: 2023-05-14 21:42:01,265:INFO-I'll go eat
We have next logging message: 2023-05-14 21:42:01,265:INFO-Hooray! Delicious!
We have next logging message: 2023-05-14 21:42:01,266:INFO-Hooray! Delicious!
We have next logging message: 2023-05-14 21:42:01,266:INFO-I bought fuel
We have next logging message: 2023-05-14 21:42:01,267:INFO-I'll go eat
We have next logging message: 2023-05-14 21:42:01,268:INFO-I'll go eat
We have next logging message: 2023-05-14 21:42:01,268:INFO-Hooray! Delicious!
We have next logging message: 2023-05-14 21:42:01,268:INFO-Hooray! Delicious!
We have next logging message: 2023-05-14 21:42:01,269:INFO-Hooray! Delicious!
We have next logging message: 2023-05-14 21:42:01,269:INFO-Hooray! Delicious!
We have next logging message: 2023-05-14 21:42:01,271:INFO-Hooray! Delicious!
We have next logging message: 2023-05-14 21:42:01,272:INFO-I bought fuel
We have next logging message: 2023-05-14 21:42:01,273:INFO-Hooray! Delicious!
We have next logging message: 2023-05-14 21:42:01,274:INFO-Hooray! Delicious!
We have next logging message: 2023-05-14 21:42:01,276:INFO-Hooray! Delicious!
We have next logging message: 2023-05-14 21:42:01,277:INFO-Hooray! Delicious!
We have next logging message: 2023-05-14 21:42:01,278:INFO-I'll go eat
We have next logging message: 2023-05-14 21:42:01,279:INFO-Hooray! Delicious!
We have next logging message: 2023-05-14 21:42:01,280:INFO-I'll go eat
We have next logging message: 2023-05-14 21:42:01,280:INFO-I bought fuel
We have next logging message: 2023-05-14 21:42:01,281:INFO-Hooray! Delicious!
We have next logging message: 2023-05-14 21:42:01,282:INFO-Hooray! Delicious!
We have next logging message: 2023-05-14 21:42:01,283:INFO-I'll go eat
We have next logging message: 2023-05-14 21:42:01,283:INFO-I'll go eat
We have next logging message: 2023-05-14 21:42:01,284:INFO-Hooray! Delicious!
We have next logging message: 2023-05-14 21:42:01,285:INFO-I'll go eat
We have next logging message: 2023-05-14 21:42:01,285:INFO-Hooray! Delicious!
We have next logging message: 2023-05-14 21:42:01,286:INFO-Hooray! Delicious!
We have next logging message: 2023-05-14 21:42:01,286:INFO-I bought fuel
We have next logging message: 2023-05-14 21:42:01,287:INFO-I'll go eat
We have next logging message: 2023-05-14 21:42:01,288:INFO-I'll go eat
We have next logging message: 2023-05-14 21:42:01,288:INFO-Bought food
We have next logging message: 2023-05-14 21:42:01,288:INFO-I'll go eat
We have next logging message: 2023-05-14 21:42:01,289:INFO-I'll go eat
We have next logging message: 2023-05-14 21:42:01,290:INFO-Hooray! Delicious!
We have next logging message: 2023-05-14 21:42:01,291:INFO-I'll go eat
We have next logging message: 2023-05-14 21:42:01,292:INFO-I'll go eat
We have next logging message: 2023-05-14 21:42:01,293:INFO-I bought fuel
We have next logging message: 2023-05-14 21:42:01,294:INFO-Hooray! Delicious!
We have next logging message: 2023-05-14 21:42:01,294:INFO-Hooray! Delicious!
We have next logging message: 2023-05-14 21:42:01,294:INFO-Hooray! Delicious!
We have next logging message: 2023-05-14 21:42:01,295:INFO-Hooray! Delicious!
We have next logging message: 2023-05-14 21:42:01,296:INFO-Hooray! Delicious!
We have next logging message: 2023-05-14 21:42:01,299:INFO-Hooray! Delicious!
We have next logging message: 2023-05-14 21:42:01,300:INFO-Hooray! Delicious!
We have next logging message: 2023-05-14 21:42:01,300:INFO-I bought fuel
We have next logging message: 2023-05-14 21:42:01,301:INFO-Hooray! Delicious!
We have next logging message: 2023-05-14 21:42:01,301:INFO-I'll go eat
We have next logging message: 2023-05-14 21:42:01,302:INFO-Hooray! Delicious!
We have next logging message: 2023-05-14 21:42:01,303:INFO-Hooray! Delicious!
We have next logging message: 2023-05-14 21:42:01,303:INFO-I'll go eat
We have next logging message: 2023-05-14 21:42:01,305:INFO-Hooray! Delicious!
We have next logging message: 2023-05-14 21:42:01,305:INFO-I'll go eat
We have next logging message: 2023-05-14 21:42:01,306:INFO-I bought fuel
We have next logging message: 2023-05-14 21:42:01,306:INFO-Hooray! Delicious!
We have next logging message: 2023-05-14 21:42:01,307:INFO-Hooray! Delicious!
We have next logging message: 2023-05-14 21:42:01,308:INFO-I'll go eat
We have next logging message: 2023-05-14 21:42:01,309:INFO-Hooray! Delicious!
We have next logging message: 2023-05-14 21:42:01,310:INFO-I'll go eat
We have next logging message: 2023-05-14 21:42:01,310:INFO-Hooray! Delicious!
We have next logging message: 2023-05-14 21:42:01,311:INFO-Hooray! Delicious!
We have next logging message: 2023-05-14 21:42:01,312:INFO-I bought fuel
We have next logging message: 2023-05-14 21:42:01,313:INFO-Hooray! Delicious!
We have next logging message: 2023-05-14 21:42:01,313:INFO-Hooray! Delicious!
We have next logging message: 2023-05-14 21:42:01,314:INFO-Hooray! Delicious!
We have next logging message: 2023-05-14 21:42:01,315:INFO-Hooray! Delicious!
We have next logging message: 2023-05-14 21:42:01,316:INFO-Hooray! Delicious!
We have next logging message: 2023-05-14 21:42:01,317:INFO-Hooray! Delicious!
We have next logging message: 2023-05-14 21:42:01,317:INFO-Hooray! Delicious!
We have next logging message: 2023-05-14 21:42:01,318:INFO-I bought fuel
We have next logging message: 2023-05-14 21:42:01,318:INFO-Hooray! Delicious!
We have next logging message: 2023-05-14 21:42:01,319:INFO-I'll go eat
We have next logging message: 2023-05-14 21:42:01,320:INFO-Hooray! Delicious!
We have next logging message: 2023-05-14 21:42:01,320:INFO-Hooray! Delicious!
We have next logging message: 2023-05-14 21:42:01,321:INFO-Hooray! Delicious!
We have next logging message: 2023-05-14 21:42:01,322:INFO-I'll go eat
We have next logging message: 2023-05-14 21:42:01,323:INFO-Bought food
We have next logging message: 2023-05-14 21:42:01,324:INFO-I'll go eat
We have next logging message: 2023-05-14 21:42:01,324:INFO-I bought fuel
We have next logging message: 2023-05-14 21:42:01,324:INFO-Hooray! Delicious!
We have next logging message: 2023-05-14 21:42:01,326:INFO-I'll go eat
We have next logging message: 2023-05-14 21:42:01,326:INFO-I'll go eat
We have next logging message: 2023-05-14 21:42:01,327:INFO-Hooray! Delicious!
We have next logging message: 2023-05-14 21:42:01,328:INFO-Hooray! Delicious!
We have next logging message: 2023-05-14 21:42:01,328:INFO-Hooray! Delicious!
We have next logging message: 2023-05-14 21:42:01,328:INFO-Hooray! Delicious!
We have next logging message: 2023-05-14 21:42:01,329:INFO-I bought fuel
We have next logging message: 2023-05-14 21:42:01,330:INFO-I'll go eat
We have next logging message: 2023-05-14 21:42:01,330:INFO-Hooray! Delicious!
We have next logging message: 2023-05-14 21:42:01,331:INFO-I'll go eat
We have next logging message: 2023-05-14 21:42:01,332:INFO-I'll go eat
We have next logging message: 2023-05-14 21:42:01,333:INFO-Hooray! Delicious!
We have next logging message: 2023-05-14 21:42:01,334:INFO-I'll go eat
We have next logging message: 2023-05-14 21:42:01,334:INFO-I'll go eat
We have next logging message: 2023-05-14 21:42:01,335:INFO-Hooray! Delicious!
We have next logging message: 2023-05-14 21:42:01,335:INFO-I bought fuel
We have next logging message: 2023-05-14 21:42:01,335:INFO-Hooray! Delicious!
We have next logging message: 2023-05-14 21:42:01,336:INFO-I'll go eat
We have next logging message: 2023-05-14 21:42:01,337:INFO-I'll go eat
We have next logging message: 2023-05-14 21:42:01,339:INFO-I'll go eat
We have next logging message: 2023-05-14 21:42:01,340:INFO-Bought food
We have next logging message: 2023-05-14 21:42:01,340:INFO-I'll go eat
We have next logging message: 2023-05-14 21:42:01,340:INFO-Hooray! Delicious!
We have next logging message: 2023-05-14 21:42:01,340:INFO-Hooray! Delicious!
We have next logging message: 2023-05-14 21:42:01,341:INFO-Hooray! Delicious!
We have next logging message: 2023-05-14 21:42:01,341:INFO-I bought fuel
We have next logging message: 2023-05-14 21:42:01,344:INFO-Hooray! Delicious!
We have next logging message: 2023-05-14 21:42:01,345:INFO-I'll go eat
We have next logging message: 2023-05-14 21:42:01,346:INFO-I'll go eat
We have next logging message: 2023-05-14 21:42:01,347:INFO-Hooray! Delicious!
We have next logging message: 2023-05-14 21:42:01,347:INFO-Hooray! Delicious!
We have next logging message: 2023-05-14 21:42:01,348:INFO-Hooray! Delicious!
We have next logging message: 2023-05-14 21:42:01,349:INFO-Hooray! Delicious!
We have next logging message: 2023-05-14 21:42:01,350:INFO-I bought fuel
We have next logging message: 2023-05-14 21:42:01,350:INFO-Hooray! Delicious!
We have next logging message: 2023-05-14 21:42:01,351:INFO-Hooray! Delicious!
We have next logging message: 2023-05-14 21:42:01,351:INFO-Hooray! Delicious!
We have next logging message: 2023-05-14 21:42:01,352:INFO-I'll go eat
We have next logging message: 2023-05-14 21:42:01,353:INFO-Hooray! Delicious!
We have next logging message: 2023-05-14 21:42:01,353:INFO-Hooray! Delicious!
We have next logging message: 2023-05-14 21:42:01,353:INFO-I bought fuel
We have next logging message: 2023-05-14 21:42:01,354:INFO-Hooray! Delicious!
We have next logging message: 2023-05-14 21:42:01,356:INFO-I'll go eat
We have next logging message: 2023-05-14 21:42:01,356:INFO-Hooray! Delicious!
We have next logging message: 2023-05-14 21:42:01,357:INFO-I'll go eat
We have next logging message: 2023-05-14 21:42:01,357:INFO-I'll go eat
We have next logging message: 2023-05-14 21:42:01,358:INFO-Hooray! Delicious!
We have next logging message: 2023-05-14 21:42:01,359:INFO-I'll go eat
We have next logging message: 2023-05-14 21:42:01,360:INFO-I bought fuel
We have next logging message: 2023-05-14 21:42:01,360:INFO-I'll go eat
We have next logging message: 2023-05-14 21:42:01,360:INFO-Hooray! Delicious!
We have next logging message: 2023-05-14 21:42:01,361:INFO-I'll go eat
We have next logging message: 2023-05-14 21:42:01,362:INFO-Hooray! Delicious!
We have next logging message: 2023-05-14 21:42:01,363:INFO-Hooray! Delicious!
We have next logging message: 2023-05-14 21:42:01,364:INFO-Hooray! Delicious!
We have next logging message: 2023-05-14 21:42:01,364:INFO-Hooray! Delicious!
We have next logging message: 2023-05-14 21:42:01,364:INFO-Hooray! Delicious!
We have next logging message: 2023-05-14 21:42:01,365:INFO-I bought fuel
We have next logging message: 2023-05-14 21:42:01,366:INFO-Hooray! Delicious!
We have next logging message: 2023-05-14 21:42:01,372:INFO-I'll go eat
We have next logging message: 2023-05-14 21:42:01,373:INFO-Bought food
We have next logging message: 2023-05-14 21:42:01,373:INFO-I'll go eat
We have next logging message: 2023-05-14 21:42:01,374:INFO-I'll go eat
We have next logging message: 2023-05-14 21:42:01,374:INFO-Hooray! Delicious!
We have next logging message: 2023-05-14 21:42:01,374:INFO-Hooray! Delicious!
We have next logging message: 2023-05-14 21:42:01,375:INFO-Hooray! Delicious!
We have next logging message: 2023-05-14 21:42:01,376:INFO-I bought fuel
We have next logging message: 2023-05-14 21:42:01,376:INFO-Hooray! Delicious!
We have next logging message: 2023-05-14 21:42:01,377:INFO-I'll go eat
We have next logging message: 2023-05-14 21:42:01,378:INFO-Hooray! Delicious!
We have next logging message: 2023-05-14 21:42:01,378:INFO-I'll go eat
We have next logging message: 2023-05-14 21:42:01,379:INFO-I'll go eat
We have next logging message: 2023-05-14 21:42:01,380:INFO-I'll go eat
We have next logging message: 2023-05-14 21:42:01,380:INFO-I'll go eat
We have next logging message: 2023-05-14 21:42:01,381:INFO-I bought fuel
We have next logging message: 2023-05-14 21:42:01,381:INFO-Hooray! Delicious!
We have next logging message: 2023-05-14 21:42:01,383:INFO-I'll go eat
We have next logging message: 2023-05-14 21:42:01,383:INFO-I'll go eat
We have next logging message: 2023-05-14 21:42:01,384:INFO-Hooray! Delicious!
We have next logging message: 2023-05-14 21:42:01,384:INFO-Hooray! Delicious!
We have next logging message: 2023-05-14 21:42:01,384:INFO-Hooray! Delicious!
We have next logging message: 2023-05-14 21:42:01,385:INFO-Hooray! Delicious!
We have next logging message: 2023-05-14 21:42:01,386:INFO-Hooray! Delicious!
We have next logging message: 2023-05-14 21:42:01,387:INFO-I bought fuel
We have next logging message: 2023-05-14 21:42:01,387:INFO-Hooray! Delicious!
We have next logging message: 2023-05-14 21:42:01,388:INFO-Hooray! Delicious!
We have next logging message: 2023-05-14 21:42:01,389:INFO-Hooray! Delicious!
We have next logging message: 2023-05-14 21:42:01,389:INFO-Hooray! Delicious!
We have next logging message: 2023-05-14 21:42:01,389:INFO-Hooray! Delicious!
We have next logging message: 2023-05-14 21:42:01,390:INFO-Hooray! Delicious!
We have next logging message: 2023-05-14 21:42:01,391:INFO-Hooray! Delicious!
We have next logging message: 2023-05-14 21:42:01,392:INFO-Hooray! Delicious!
We have next logging message: 2023-05-14 21:42:01,392:INFO-I bought fuel
We have next logging message: 2023-05-14 21:42:01,394:INFO-Hooray! Delicious!
We have next logging message: 2023-05-14 21:42:01,395:INFO-Hooray! Delicious!
We have next logging message: 2023-05-14 21:42:01,397:INFO-Hooray! Delicious!
We have next logging message: 2023-05-14 21:42:01,398:INFO-Hooray! Delicious!
We have next logging message: 2023-05-14 21:42:01,399:INFO-I bought fuel
We have next logging message: 2023-05-14 21:42:01,400:INFO-Hooray! Delicious!
We have next logging message: 2023-05-14 21:42:01,401:INFO-Hooray! Delicious!
We have next logging message: 2023-05-14 21:42:01,401:INFO-Hooray! Delicious!
We have next logging message: 2023-05-14 21:42:01,404:INFO-Hooray! Delicious!
We have next logging message: 2023-05-14 21:42:01,404:INFO-Hooray! Delicious!
We have next logging message: 2023-05-14 21:42:01,405:INFO-Hooray! Delicious!
We have next logging message: 2023-05-14 21:42:01,408:INFO-Hooray! Delicious!
We have next logging message: 2023-05-14 21:42:01,409:INFO-Hooray! Delicious!
We have next logging message: 2023-05-14 21:42:01,409:INFO-I bought fuel
We have next logging message: 2023-05-14 21:42:01,410:INFO-Hooray! Delicious!
We have next logging message: 2023-05-14 21:42:01,411:INFO-Hooray! Delicious!
We have next logging message: 2023-05-14 21:42:01,411:INFO-Hooray! Delicious!
We have next logging message: 2023-05-14 21:42:01,412:INFO-Hooray! Delicious!
We have next logging message: 2023-05-14 21:42:01,413:INFO-Hooray! Delicious!
We have next logging message: 2023-05-14 21:42:01,415:INFO-I'll go eat
We have next logging message: 2023-05-14 21:42:01,415:INFO-I bought fuel
We have next logging message: 2023-05-14 21:42:01,416:INFO-Hooray! Delicious!
We have next logging message: 2023-05-14 21:42:01,417:INFO-Hooray! Delicious!
We have next logging message: 2023-05-14 21:42:01,417:INFO-I'll go eat
We have next logging message: 2023-05-14 21:42:01,419:INFO-Bought food
We have next logging message: 2023-05-14 21:42:01,419:INFO-I'll go eat
We have next logging message: 2023-05-14 21:42:01,420:INFO-I'll go eat
We have next logging message: 2023-05-14 21:42:01,421:INFO-I'll go eat
We have next logging message: 2023-05-14 21:42:01,421:INFO-Hooray! Delicious!
We have next logging message: 2023-05-14 21:42:01,425:INFO-I bought fuel
We have next logging message: 2023-05-14 21:42:01,425:INFO-I'll go eat
We have next logging message: 2023-05-14 21:42:01,426:INFO-I'll go eat
We have next logging message: 2023-05-14 21:42:01,427:INFO-I'll go eat
We have next logging message: 2023-05-14 21:42:01,428:INFO-Hooray! Delicious!
We have next logging message: 2023-05-14 21:42:01,428:INFO-I'll go eat
We have next logging message: 2023-05-14 21:42:01,430:INFO-Hooray! Delicious!
We have next logging message: 2023-05-14 21:42:01,430:INFO-Hooray! Delicious!
We have next logging message: 2023-05-14 21:42:01,431:INFO-Hooray! Delicious!
We have next logging message: 2023-05-14 21:42:01,431:INFO-I bought fuel
We have next logging message: 2023-05-14 21:42:01,432:INFO-Hooray! Delicious!
We have next logging message: 2023-05-14 21:42:01,433:INFO-I'll go eat
We have next logging message: 2023-05-14 21:42:01,433:INFO-Hooray! Delicious!
We have next logging message: 2023-05-14 21:42:01,433:INFO-Hooray! Delicious!
We have next logging message: 2023-05-14 21:42:01,434:INFO-Hooray! Delicious!
We have next logging message: 2023-05-14 21:42:01,434:INFO-Hooray! Delicious!
We have next logging message: 2023-05-14 21:42:01,466:INFO-Hooray! Delicious!
We have next logging message: 2023-05-14 21:42:01,467:INFO-I bought fuel
We have next logging message: 2023-05-14 21:42:01,467:INFO-Hooray! Delicious!
We have next logging message: 2023-05-14 21:42:01,467:INFO-Hooray! Delicious!
We have next logging message: 2023-05-14 21:42:01,468:INFO-Hooray! Delicious!
We have next logging message: 2023-05-14 21:42:01,468:INFO-Hooray! Delicious!
We have next logging message: 2023-05-14 21:42:01,515:INFO-Hooray! Delicious!
We have next logging message: 2023-05-14 21:42:01,516:INFO-I'll go eat
We have next logging message: 2023-05-14 21:42:01,516:INFO-I bought fuel
We have next logging message: 2023-05-14 21:42:01,517:INFO-Hooray! Delicious!
We have next logging message: 2023-05-14 21:42:01,518:INFO-I'll go eat
We have next logging message: 2023-05-14 21:42:01,519:INFO-Hooray! Delicious!
We have next logging message: 2023-05-14 21:42:01,519:INFO-Hooray! Delicious!
We have next logging message: 2023-05-14 21:42:01,521:INFO-I'll go eat
We have next logging message: 2023-05-14 21:42:01,521:INFO-Bought food
We have next logging message: 2023-05-14 21:42:01,521:INFO-I'll go eat
We have next logging message: 2023-05-14 21:42:01,522:INFO-I'll go eat
We have next logging message: 2023-05-14 21:42:01,523:INFO-Hooray! Delicious!
We have next logging message: 2023-05-14 21:42:01,524:INFO-I bought fuel
We have next logging message: 2023-05-14 21:42:01,524:INFO-I'll go eat
We have next logging message: 2023-05-14 21:42:01,525:INFO-Hooray! Delicious!
We have next logging message: 2023-05-14 21:42:01,526:INFO-Hooray! Delicious!
We have next logging message: 2023-05-14 21:42:01,527:INFO-Hooray! Delicious!
We have next logging message: 2023-05-14 21:42:01,528:INFO-Hooray! Delicious!
We have next logging message: 2023-05-14 21:42:01,528:INFO-Hooray! Delicious!
We have next logging message: 2023-05-14 21:42:01,529:INFO-Hooray! Delicious!
We have next logging message: 2023-05-14 21:42:01,529:INFO-Hooray! Delicious!
We have next logging message: 2023-05-14 21:42:01,529:INFO-I bought fuel
We have next logging message: 2023-05-14 21:42:01,530:INFO-Hooray! Delicious!
We have next logging message: 2023-05-14 21:42:01,531:INFO-Hooray! Delicious!
We have next logging message: 2023-05-14 21:42:01,532:INFO-Hooray! Delicious!
We have next logging message: 2023-05-14 21:42:01,534:INFO-Hooray! Delicious!
We have next logging message: 2023-05-14 21:42:01,534:INFO-I'll go eat
We have next logging message: 2023-05-14 21:42:01,535:INFO-I bought fuel
We have next logging message: 2023-05-14 21:42:01,535:INFO-Hooray! Delicious!
We have next logging message: 2023-05-14 21:42:01,537:INFO-I'll go eat
We have next logging message: 2023-05-14 21:42:01,537:INFO-Hooray! Delicious!
We have next logging message: 2023-05-14 21:42:01,539:INFO-Hooray! Delicious!
We have next logging message: 2023-05-14 21:42:01,540:INFO-Hooray! Delicious!
We have next logging message: 2023-05-14 21:42:01,541:INFO-Settled in the house
We have next logging message: 2023-05-14 21:42:01,542:INFO-Hooray! Delicious!
We have next logging message: 2023-05-14 21:42:01,543:INFO-Hooray! Delicious!
We have next logging message: 2023-05-14 21:42:01,544:INFO-Hooray! Delicious!
We have next logging message: 2023-05-14 21:42:01,545:INFO-I bought fuel
We have next logging message: 2023-05-14 21:42:01,545:INFO-Hooray! Delicious!
We have next logging message: 2023-05-14 21:42:01,546:INFO-Hooray! Delicious!
We have next logging message: 2023-05-14 21:42:01,547:INFO-Hooray! Delicious!
We have next logging message: 2023-05-14 21:42:01,547:INFO-Hooray! Delicious!
We have next logging message: 2023-05-14 21:42:01,548:INFO-Hooray! Delicious!
We have next logging message: 2023-05-14 21:42:01,549:INFO-Hooray! Delicious!
We have next logging message: 2023-05-14 21:42:01,550:INFO-I bought fuel
We have next logging message: 2023-05-14 21:42:01,550:INFO-Hooray! Delicious!
We have next logging message: 2023-05-14 21:42:01,551:INFO-Hooray! Delicious!
We have next logging message: 2023-05-14 21:42:01,551:INFO-Hooray! Delicious!
We have next logging message: 2023-05-14 21:42:01,551:INFO-I'll go eat
We have next logging message: 2023-05-14 21:42:01,552:INFO-Bought food
We have next logging message: 2023-05-14 21:42:01,552:INFO-I'll go eat
We have next logging message: 2023-05-14 21:42:01,552:INFO-Hooray! Delicious!
We have next logging message: 2023-05-14 21:42:01,553:INFO-Hooray! Delicious!
We have next logging message: 2023-05-14 21:42:01,553:INFO-I'll go eat
We have next logging message: 2023-05-14 21:42:01,554:INFO-Hooray! Delicious!
We have next logging message: 2023-05-14 21:42:01,554:INFO-I bought fuel
We have next logging message: 2023-05-14 21:42:01,555:INFO-Hooray! Delicious!
We have next logging message: 2023-05-14 21:42:01,555:INFO-Hooray! Delicious!
We have next logging message: 2023-05-14 21:42:01,556:INFO-Hooray! Delicious!
We have next logging message: 2023-05-14 21:42:01,556:INFO-Hooray! Delicious!
We have next logging message: 2023-05-14 21:42:01,556:INFO-Hooray! Delicious!
We have next logging message: 2023-05-14 21:42:01,557:INFO-Hooray! Delicious!
We have next logging message: 2023-05-14 21:42:01,557:INFO-Hooray! Delicious!
We have next logging message: 2023-05-14 21:42:01,558:INFO-Hooray! Delicious!
We have next logging message: 2023-05-14 21:42:01,558:INFO-Hooray! Delicious!
We have next logging message: 2023-05-14 21:42:01,559:INFO-Hooray! Delicious!
We have next logging message: 2023-05-14 21:42:01,559:INFO-Hooray! Delicious!
We have next logging message: 2023-05-14 21:42:01,560:INFO-I bought fuel
We have next logging message: 2023-05-14 21:42:01,560:INFO-Hooray! Delicious!
We have next logging message: 2023-05-14 21:42:01,561:INFO-Hooray! Delicious!
We have next logging message: 2023-05-14 21:42:01,562:INFO-Hooray! Delicious!
We have next logging message: 2023-05-14 21:42:01,563:INFO-Hooray! Delicious!
We have next logging message: 2023-05-14 21:42:01,563:INFO-Hooray! Delicious!
We have next logging message: 2023-05-14 21:42:01,564:INFO-Hooray! Delicious!
We have next logging message: 2023-05-14 21:42:01,565:INFO-Hooray! Delicious!
We have next logging message: 2023-05-14 21:42:01,566:INFO-Hooray! Delicious!
We have next logging message: 2023-05-14 21:42:01,567:INFO-Hooray! Delicious!
We have next logging message: 2023-05-14 21:42:01,567:INFO-Hooray! Delicious!
We have next logging message: 2023-05-14 21:42:01,568:INFO-I bought fuel
We have next logging message: 2023-05-14 21:42:01,569:INFO-Hooray! Delicious!
We have next logging message: 2023-05-14 21:42:01,569:INFO-Hooray! Delicious!
We have next logging message: 2023-05-14 21:42:01,570:INFO-Hooray! Delicious!
We have next logging message: 2023-05-14 21:42:01,570:INFO-Hooray! Delicious!
We have next logging message: 2023-05-14 21:42:01,571:INFO-Hooray! Delicious!
We have next logging message: 2023-05-14 21:42:01,571:INFO-Hooray! Delicious!
We have next logging message: 2023-05-14 21:42:01,572:INFO-Hooray! Delicious!
We have next logging message: 2023-05-14 21:42:01,573:INFO-I bought fuel
We have next logging message: 2023-05-14 21:42:01,574:INFO-Hooray! Delicious!
We have next logging message: 2023-05-14 21:42:01,574:INFO-Hooray! Delicious!
We have next logging message: 2023-05-14 21:42:01,575:INFO-Hooray! Delicious!
We have next logging message: 2023-05-14 21:42:01,576:INFO-Hooray! Delicious!
We have next logging message: 2023-05-14 21:42:01,577:INFO-I'll go eat
We have next logging message: 2023-05-14 21:42:01,577:INFO-I bought fuel
We have next logging message: 2023-05-14 21:42:01,578:INFO-I'll go eat
We have next logging message: 2023-05-14 21:42:01,579:INFO-I'll go eat
We have next logging message: 2023-05-14 21:42:01,686:INFO-Hooray! Delicious!
We have next logging message: 2023-05-14 21:42:01,686:INFO-Hooray! Delicious!
We have next logging message: 2023-05-14 21:42:01,686:INFO-Hooray! Delicious!
We have next logging message: 2023-05-14 21:42:01,687:INFO-Hooray! Delicious!
We have next logging message: 2023-05-14 21:42:01,688:INFO-Hooray! Delicious!
We have next logging message: 2023-05-14 21:42:01,688:INFO-Hooray! Delicious!
We have next logging message: 2023-05-14 21:42:01,730:INFO-Hooray! Delicious!
We have next logging message: 2023-05-14 21:42:01,731:INFO-Hooray! Delicious!
We have next logging message: 2023-05-14 21:42:01,731:INFO-I bought fuel
We have next logging message: 2023-05-14 21:42:01,731:INFO-Hooray! Delicious!
We have next logging message: 2023-05-14 21:42:01,732:INFO-Hooray! Delicious!
We have next logging message: 2023-05-14 21:42:01,732:INFO-Hooray! Delicious!
We have next logging message: 2023-05-14 21:42:01,740:INFO-Hooray! Delicious!
We have next logging message: 2023-05-14 21:42:01,741:INFO-Hooray! Delicious!
We have next logging message: 2023-05-14 21:42:01,741:INFO-Hooray! Delicious!
We have next logging message: 2023-05-14 21:42:01,742:INFO-Hooray! Delicious!
We have next logging message: 2023-05-14 21:42:01,743:INFO-I bought fuel
We have next logging message: 2023-05-14 21:42:01,743:INFO-I'll go eat
We have next logging message: 2023-05-14 21:42:01,745:INFO-I'll go eat
We have next logging message: 2023-05-14 21:42:01,746:INFO-I'll go eat
We have next logging message: 2023-05-14 21:42:01,746:INFO-I'll go eat
We have next logging message: 2023-05-14 21:42:01,746:INFO-Hooray! Delicious!
We have next logging message: 2023-05-14 21:42:01,747:INFO-Hooray! Delicious!
We have next logging message: 2023-05-14 21:42:01,748:INFO-I'll go eat
We have next logging message: 2023-05-14 21:42:01,749:INFO-Hooray! Delicious!
We have next logging message: 2023-05-14 21:42:01,749:INFO-Hooray! Delicious!
We have next logging message: 2023-05-14 21:42:01,749:INFO-Hooray! Delicious!
We have next logging message: 2023-05-14 21:42:01,750:INFO-I bought fuel
We have next logging message: 2023-05-14 21:42:01,750:INFO-Hooray! Delicious!
We have next logging message: 2023-05-14 21:42:01,751:INFO-Hooray! Delicious!
We have next logging message: 2023-05-14 21:42:01,751:INFO-Hooray! Delicious!
We have next logging message: 2023-05-14 21:42:01,751:INFO-Hooray! Delicious!
We have next logging message: 2023-05-14 21:42:01,752:INFO-Hooray! Delicious!
We have next logging message: 2023-05-14 21:42:01,755:INFO-Hooray! Delicious!
We have next logging message: 2023-05-14 21:42:01,756:INFO-I'll go eat
We have next logging message: 2023-05-14 21:42:01,756:INFO-Bought food
We have next logging message: 2023-05-14 21:42:01,756:INFO-I'll go eat
We have next logging message: 2023-05-14 21:42:01,756:INFO-I bought fuel
We have next logging message: 2023-05-14 21:42:01,757:INFO-I'll go eat
We have next logging message: 2023-05-14 21:42:01,758:INFO-Hooray! Delicious!
We have next logging message: 2023-05-14 21:42:01,758:INFO-I'll go eat
We have next logging message: 2023-05-14 21:42:01,758:INFO-Hooray! Delicious!
We have next logging message: 2023-05-14 21:42:01,759:INFO-Hooray! Delicious!
We have next logging message: 2023-05-14 21:42:01,761:INFO-I'll go eat
We have next logging message: 2023-05-14 21:42:01,761:INFO-Hooray! Delicious!
We have next logging message: 2023-05-14 21:42:01,762:INFO-Hooray! Delicious!
We have next logging message: 2023-05-14 21:42:01,763:INFO-Hooray! Delicious!
We have next logging message: 2023-05-14 21:42:01,763:INFO-I bought fuel
We have next logging message: 2023-05-14 21:42:01,764:INFO-Hooray! Delicious!
We have next logging message: 2023-05-14 21:42:01,764:INFO-Hooray! Delicious!
We have next logging message: 2023-05-14 21:42:01,765:INFO-Hooray! Delicious!
We have next logging message: 2023-05-14 21:42:01,766:INFO-Hooray! Delicious!
We have next logging message: 2023-05-14 21:42:01,766:INFO-I'll go eat
We have next logging message: 2023-05-14 21:42:01,766:INFO-Hooray! Delicious!
We have next logging message: 2023-05-14 21:42:01,767:INFO-Hooray! Delicious!
We have next logging message: 2023-05-14 21:42:01,768:INFO-I'll go eat
We have next logging message: 2023-05-14 21:42:01,768:INFO-I bought fuel
We have next logging message: 2023-05-14 21:42:01,769:INFO-Hooray! Delicious!
We have next logging message: 2023-05-14 21:42:01,769:INFO-I'll go eat
We have next logging message: 2023-05-14 21:42:01,770:INFO-I'll go eat
We have next logging message: 2023-05-14 21:42:01,771:INFO-Hooray! Delicious!
We have next logging message: 2023-05-14 21:42:01,771:INFO-Hooray! Delicious!
We have next logging message: 2023-05-14 21:42:01,771:INFO-Hooray! Delicious!
We have next logging message: 2023-05-14 21:42:01,772:INFO-Hooray! Delicious!
We have next logging message: 2023-05-14 21:42:01,773:INFO-I'll go eat
We have next logging message: 2023-05-14 21:42:01,773:INFO-Hooray! Delicious!
We have next logging message: 2023-05-14 21:42:01,775:INFO-I'll go eat
We have next logging message: 2023-05-14 21:42:01,775:INFO-I bought fuel
We have next logging message: 2023-05-14 21:42:01,776:INFO-I'll go eat
We have next logging message: 2023-05-14 21:42:01,776:INFO-Bought food
We have next logging message: 2023-05-14 21:42:01,777:INFO-I'll go eat
We have next logging message: 2023-05-14 21:42:01,777:INFO-I'll go eat
We have next logging message: 2023-05-14 21:42:01,778:INFO-I'll go eat
We have next logging message: 2023-05-14 21:42:01,778:INFO-Hooray! Delicious!
We have next logging message: 2023-05-14 21:42:01,779:INFO-I'll go eat
We have next logging message: 2023-05-14 21:42:01,780:INFO-Hooray! Delicious!
We have next logging message: 2023-05-14 21:42:01,780:INFO-Hooray! Delicious!
We have next logging message: 2023-05-14 21:42:01,781:INFO-I'll go eat
We have next logging message: 2023-05-14 21:42:01,781:INFO-I bought fuel
We have next logging message: 2023-05-14 21:42:01,783:INFO-I'll go eat
We have next logging message: 2023-05-14 21:42:01,784:INFO-I'll go eat
We have next logging message: 2023-05-14 21:42:01,785:INFO-Hooray! Delicious!
We have next logging message: 2023-05-14 21:42:01,785:INFO-I'll go eat
We have next logging message: 2023-05-14 21:42:01,786:INFO-I'll go eat
We have next logging message: 2023-05-14 21:42:01,787:INFO-Hooray! Delicious!
We have next logging message: 2023-05-14 21:42:01,788:INFO-I'll go eat
We have next logging message: 2023-05-14 21:42:01,789:INFO-Hooray! Delicious!
We have next logging message: 2023-05-14 21:42:01,790:INFO-I'll go eat
We have next logging message: 2023-05-14 21:42:01,790:INFO-Bought food
We have next logging message: 2023-05-14 21:42:01,790:INFO-I'll go eat
We have next logging message: 2023-05-14 21:42:01,791:INFO-I bought fuel
We have next logging message: 2023-05-14 21:42:01,791:INFO-Hooray! Delicious!
We have next logging message: 2023-05-14 21:42:01,792:INFO-Hooray! Delicious!
We have next logging message: 2023-05-14 21:42:01,792:INFO-Hooray! Delicious!
We have next logging message: 2023-05-14 21:42:01,792:INFO-Hooray! Delicious!
We have next logging message: 2023-05-14 21:42:01,793:INFO-Hooray! Delicious!
We have next logging message: 2023-05-14 21:42:01,794:INFO-Hooray! Delicious!
We have next logging message: 2023-05-14 21:42:01,795:INFO-I'll go eat
We have next logging message: 2023-05-14 21:42:01,796:INFO-Hooray! Delicious!
We have next logging message: 2023-05-14 21:42:01,796:INFO-Hooray! Delicious!
We have next logging message: 2023-05-14 21:42:01,797:INFO-I bought fuel
We have next logging message: 2023-05-14 21:42:01,797:INFO-Hooray! Delicious!
We have next logging message: 2023-05-14 21:42:01,798:INFO-I'll go eat
We have next logging message: 2023-05-14 21:42:01,798:INFO-I'll go eat
We have next logging message: 2023-05-14 21:42:01,799:INFO-I'll go eat
We have next logging message: 2023-05-14 21:42:01,801:INFO-I'll go eat
We have next logging message: 2023-05-14 21:42:01,801:INFO-Hooray! Delicious!
We have next logging message: 2023-05-14 21:42:01,802:INFO-Hooray! Delicious!
We have next logging message: 2023-05-14 21:42:01,802:INFO-Hooray! Delicious!
We have next logging message: 2023-05-14 21:42:01,803:INFO-Hooray! Delicious!
We have next logging message: 2023-05-14 21:42:01,804:INFO-I bought fuel
We have next logging message: 2023-05-14 21:42:01,805:INFO-Hooray! Delicious!
We have next logging message: 2023-05-14 21:42:01,806:INFO-Hooray! Delicious!
We have next logging message: 2023-05-14 21:42:01,806:INFO-I'll go eat
We have next logging message: 2023-05-14 21:42:01,807:INFO-Hooray! Delicious!
We have next logging message: 2023-05-14 21:42:01,807:INFO-Hooray! Delicious!
We have next logging message: 2023-05-14 21:42:01,807:INFO-Hooray! Delicious!
We have next logging message: 2023-05-14 21:42:01,808:INFO-Hooray! Delicious!
We have next logging message: 2023-05-14 21:42:01,808:INFO-Hooray! Delicious!
We have next logging message: 2023-05-14 21:42:01,809:INFO-I bought fuel
We have next logging message: 2023-05-14 21:42:01,810:INFO-Hooray! Delicious!
We have next logging message: 2023-05-14 21:42:01,810:INFO-Hooray! Delicious!
We have next logging message: 2023-05-14 21:42:01,810:INFO-Hooray! Delicious!
We have next logging message: 2023-05-14 21:42:01,811:INFO-Hooray! Delicious!
We have next logging message: 2023-05-14 21:42:01,813:INFO-Hooray! Delicious!
We have next logging message: 2023-05-14 21:42:01,813:INFO-Hooray! Delicious!
We have next logging message: 2023-05-14 21:42:01,815:INFO-I'll go eat
We have next logging message: 2023-05-14 21:42:01,815:INFO-I'll go eat
We have next logging message: 2023-05-14 21:42:01,815:INFO-I'll go eat
We have next logging message: 2023-05-14 21:42:01,816:INFO-I bought fuel
We have next logging message: 2023-05-14 21:42:01,818:INFO-Hooray! Delicious!
We have next logging message: 2023-05-14 21:42:01,819:INFO-I'll go eat
We have next logging message: 2023-05-14 21:42:01,819:INFO-Bought food
We have next logging message: 2023-05-14 21:42:01,820:INFO-I'll go eat
We have next logging message: 2023-05-14 21:42:01,820:INFO-I'll go eat
We have next logging message: 2023-05-14 21:42:01,820:INFO-Hooray! Delicious!
We have next logging message: 2023-05-14 21:42:01,821:INFO-I'll go eat
We have next logging message: 2023-05-14 21:42:01,822:INFO-I'll go eat
We have next logging message: 2023-05-14 21:42:01,823:INFO-Hooray! Delicious!
We have next logging message: 2023-05-14 21:42:01,824:INFO-I'll go eat
We have next logging message: 2023-05-14 21:42:01,825:INFO-I bought fuel
We have next logging message: 2023-05-14 21:42:01,825:INFO-I'll go eat
We have next logging message: 2023-05-14 21:42:01,826:INFO-Hooray! Delicious!
We have next logging message: 2023-05-14 21:42:01,826:INFO-I'll go eat
We have next logging message: 2023-05-14 21:42:01,827:INFO-I'll go eat
We have next logging message: 2023-05-14 21:42:01,827:INFO-Hooray! Delicious!
We have next logging message: 2023-05-14 21:42:01,828:INFO-Hooray! Delicious!
We have next logging message: 2023-05-14 21:42:01,829:INFO-Hooray! Delicious!
We have next logging message: 2023-05-14 21:42:01,832:INFO-I'll go eat
We have next logging message: 2023-05-14 21:42:01,886:INFO-Hooray! Delicious!
We have next logging message: 2023-05-14 21:42:01,887:INFO-I bought fuel
We have next logging message: 2023-05-14 21:42:01,888:INFO-I'll go eat
We have next logging message: 2023-05-14 21:42:01,888:INFO-I'll go eat
We have next logging message: 2023-05-14 21:42:01,888:INFO-Bought food
We have next logging message: 2023-05-14 21:42:01,888:INFO-I'll go eat
We have next logging message: 2023-05-14 21:42:01,889:INFO-I'll go eat
We have next logging message: 2023-05-14 21:42:01,890:INFO-Hooray! Delicious!
We have next logging message: 2023-05-14 21:42:01,891:INFO-Hooray! Delicious!
We have next logging message: 2023-05-14 21:42:01,891:INFO-Hooray! Delicious!
We have next logging message: 2023-05-14 21:42:01,892:INFO-I'll go eat
We have next logging message: 2023-05-14 21:42:01,892:INFO-Hooray! Delicious!
We have next logging message: 2023-05-14 21:42:01,893:INFO-Hooray! Delicious!
We have next logging message: 2023-05-14 21:42:01,893:INFO-I bought fuel
We have next logging message: 2023-05-14 21:42:01,893:INFO-Hooray! Delicious!
We have next logging message: 2023-05-14 21:42:01,894:INFO-Hooray! Delicious!
We have next logging message: 2023-05-14 21:42:01,895:INFO-Hooray! Delicious!
We have next logging message: 2023-05-14 21:42:01,895:INFO-Hooray! Delicious!
We have next logging message: 2023-05-14 21:42:01,896:INFO-I'll go eat
We have next logging message: 2023-05-14 21:42:01,897:INFO-I'll go eat
We have next logging message: 2023-05-14 21:42:01,898:INFO-I'll go eat
We have next logging message: 2023-05-14 21:42:01,898:INFO-Hooray! Delicious!
We have next logging message: 2023-05-14 21:42:01,898:INFO-Hooray! Delicious!
We have next logging message: 2023-05-14 21:42:01,899:INFO-I bought fuel
We have next logging message: 2023-05-14 21:42:01,900:INFO-I'll go eat
We have next logging message: 2023-05-14 21:42:01,900:INFO-Hooray! Delicious!
We have next logging message: 2023-05-14 21:42:01,901:INFO-Hooray! Delicious!
We have next logging message: 2023-05-14 21:42:01,901:INFO-Hooray! Delicious!
We have next logging message: 2023-05-14 21:42:01,902:INFO-Hooray! Delicious!
We have next logging message: 2023-05-14 21:42:01,902:INFO-Hooray! Delicious!
We have next logging message: 2023-05-14 21:42:01,902:INFO-Hooray! Delicious!
We have next logging message: 2023-05-14 21:42:01,903:INFO-Hooray! Delicious!
We have next logging message: 2023-05-14 21:42:01,903:INFO-Hooray! Delicious!
We have next logging message: 2023-05-14 21:42:01,904:INFO-I bought fuel
We have next logging message: 2023-05-14 21:42:01,904:INFO-Hooray! Delicious!
We have next logging message: 2023-05-14 21:42:01,905:INFO-Hooray! Delicious!
We have next logging message: 2023-05-14 21:42:01,905:INFO-Hooray! Delicious!
We have next logging message: 2023-05-14 21:42:01,906:INFO-Hooray! Delicious!
We have next logging message: 2023-05-14 21:42:01,906:INFO-Hooray! Delicious!
We have next logging message: 2023-05-14 21:42:01,907:INFO-Hooray! Delicious!
We have next logging message: 2023-05-14 21:42:01,907:INFO-Hooray! Delicious!
We have next logging message: 2023-05-14 21:42:01,908:INFO-Hooray! Delicious!
We have next logging message: 2023-05-14 21:42:01,908:INFO-Hooray! Delicious!
We have next logging message: 2023-05-14 21:42:01,909:INFO-Hooray! Delicious!
We have next logging message: 2023-05-14 21:42:01,909:INFO-Hooray! Delicious!
We have next logging message: 2023-05-14 21:42:01,910:INFO-I bought fuel
We have next logging message: 2023-05-14 21:42:01,910:INFO-Hooray! Delicious!
We have next logging message: 2023-05-14 21:42:01,911:INFO-Hooray! Delicious!
We have next logging message: 2023-05-14 21:42:01,911:INFO-Hooray! Delicious!
We have next logging message: 2023-05-14 21:42:01,912:INFO-Hooray! Delicious!
We have next logging message: 2023-05-14 21:42:01,913:INFO-Hooray! Delicious!
We have next logging message: 2023-05-14 21:42:01,913:INFO-Hooray! Delicious!
We have next logging message: 2023-05-14 21:42:01,914:INFO-I bought fuel
We have next logging message: 2023-05-14 21:42:01,916:INFO-Hooray! Delicious!
We have next logging message: 2023-05-14 21:42:01,917:INFO-Hooray! Delicious!
We have next logging message: 2023-05-14 21:42:01,917:INFO-Hooray! Delicious!
We have next logging message: 2023-05-14 21:42:01,918:INFO-Hooray! Delicious!
We have next logging message: 2023-05-14 21:42:01,918:INFO-Hooray! Delicious!
We have next logging message: 2023-05-14 21:42:01,918:INFO-Hooray! Delicious!
We have next logging message: 2023-05-14 21:42:01,919:INFO-Hooray! Delicious!
We have next logging message: 2023-05-14 21:42:01,919:INFO-Hooray! Delicious!
We have next logging message: 2023-05-14 21:42:01,919:INFO-Hooray! Delicious!
We have next logging message: 2023-05-14 21:42:01,920:INFO-I bought fuel
We have next logging message: 2023-05-14 21:42:01,920:INFO-Hooray! Delicious!
We have next logging message: 2023-05-14 21:42:01,920:INFO-Hooray! Delicious!
We have next logging message: 2023-05-14 21:42:01,922:INFO-Hooray! Delicious!
We have next logging message: 2023-05-14 21:42:01,923:INFO-Hooray! Delicious!
We have next logging message: 2023-05-14 21:42:01,923:INFO-Hooray! Delicious!
We have next logging message: 2023-05-14 21:42:01,928:INFO-I'll go eat
